Wed Apr 17 2019 10:56:14 GMT-0700 (Pacific Daylight Time):GET /favicon.ico
Wed Apr 17 2019 10:56:30 GMT-0700 (Pacific Daylight Time):GET /
Wed Apr 17 2019 11:00:19 GMT-0700 (Pacific Daylight Time):GET /
Wed Apr 17 2019 11:00:24 GMT-0700 (Pacific Daylight Time):POST /displaycards
Wed Apr 17 2019 11:01:35 GMT-0700 (Pacific Daylight Time):POST /displaycards
Wed Apr 17 2019 11:01:57 GMT-0700 (Pacific Daylight Time):POST /displaycards
Wed Apr 17 2019 11:02:04 GMT-0700 (Pacific Daylight Time):GET /
Wed Apr 17 2019 11:02:08 GMT-0700 (Pacific Daylight Time):POST /displaycards
Wed Apr 17 2019 11:02:17 GMT-0700 (Pacific Daylight Time):POST /displaycards
Wed Apr 17 2019 11:06:16 GMT-0700 (Pacific Daylight Time):POST /displaycards
Wed Apr 17 2019 11:14:03 GMT-0700 (Pacific Daylight Time):GET /
Wed Apr 17 2019 11:14:06 GMT-0700 (Pacific Daylight Time):POST /displaycards
Wed Apr 17 2019 11:14:29 GMT-0700 (Pacific Daylight Time):POST /displaycards
Wed Apr 17 2019 11:14:31 GMT-0700 (Pacific Daylight Time):POST /displaycards
Wed Apr 17 2019 11:15:34 GMT-0700 (Pacific Daylight Time):POST /displaycards
Wed Apr 17 2019 11:19:51 GMT-0700 (Pacific Daylight Time):GET /
Wed Apr 17 2019 11:19:54 GMT-0700 (Pacific Daylight Time):POST /displaycards
Wed Apr 17 2019 11:20:02 GMT-0700 (Pacific Daylight Time):POST /displaycards
Wed Apr 17 2019 11:20:02 GMT-0700 (Pacific Daylight Time):POST /displaycards
Wed Apr 17 2019 11:20:02 GMT-0700 (Pacific Daylight Time):POST /displaycards
Wed Apr 17 2019 11:20:02 GMT-0700 (Pacific Daylight Time):POST /displaycards
Wed Apr 17 2019 11:22:02 GMT-0700 (Pacific Daylight Time):POST /displaycards
Wed Apr 17 2019 11:22:23 GMT-0700 (Pacific Daylight Time):POST /displaycards
Wed Apr 17 2019 11:22:46 GMT-0700 (Pacific Daylight Time):GET /
Wed Apr 17 2019 11:22:53 GMT-0700 (Pacific Daylight Time):POST /displaycards
Wed Apr 17 2019 11:23:19 GMT-0700 (Pacific Daylight Time):POST /displaycards
Wed Apr 17 2019 11:23:20 GMT-0700 (Pacific Daylight Time):GET /
Wed Apr 17 2019 11:23:23 GMT-0700 (Pacific Daylight Time):POST /displaycards
Wed Apr 17 2019 11:23:41 GMT-0700 (Pacific Daylight Time):POST /displaycards
Wed Apr 17 2019 11:23:43 GMT-0700 (Pacific Daylight Time):GET /
Wed Apr 17 2019 11:23:45 GMT-0700 (Pacific Daylight Time):POST /displaycards
Wed Apr 17 2019 11:25:45 GMT-0700 (Pacific Daylight Time):POST /displaycards
Wed Apr 17 2019 11:28:46 GMT-0700 (Pacific Daylight Time):GET /
Wed Apr 17 2019 11:28:48 GMT-0700 (Pacific Daylight Time):POST /displaycards
Wed Apr 17 2019 11:28:50 GMT-0700 (Pacific Daylight Time):POST /displaycards
Wed Apr 17 2019 11:28:50 GMT-0700 (Pacific Daylight Time):POST /displaycards
Wed Apr 17 2019 11:29:10 GMT-0700 (Pacific Daylight Time):GET /
Wed Apr 17 2019 11:29:13 GMT-0700 (Pacific Daylight Time):POST /displaycards
Wed Apr 17 2019 11:29:15 GMT-0700 (Pacific Daylight Time):POST /displaycards
Wed Apr 17 2019 11:29:15 GMT-0700 (Pacific Daylight Time):POST /displaycards
Wed Apr 17 2019 11:29:31 GMT-0700 (Pacific Daylight Time):POST /displaycards
Wed Apr 17 2019 11:29:32 GMT-0700 (Pacific Daylight Time):GET /
Wed Apr 17 2019 11:29:33 GMT-0700 (Pacific Daylight Time):POST /displaycards
Wed Apr 17 2019 11:29:35 GMT-0700 (Pacific Daylight Time):POST /displaycards
Wed Apr 17 2019 11:30:10 GMT-0700 (Pacific Daylight Time):POST /displaycards
Wed Apr 17 2019 11:30:12 GMT-0700 (Pacific Daylight Time):POST /displaycards
Wed Apr 17 2019 11:30:14 GMT-0700 (Pacific Daylight Time):POST /displaycards
Wed Apr 17 2019 11:30:39 GMT-0700 (Pacific Daylight Time):POST /displaycards
Wed Apr 17 2019 11:30:40 GMT-0700 (Pacific Daylight Time):GET /
Wed Apr 17 2019 11:30:42 GMT-0700 (Pacific Daylight Time):POST /displaycards
Wed Apr 17 2019 11:31:04 GMT-0700 (Pacific Daylight Time):POST /displaycards
Wed Apr 17 2019 11:31:06 GMT-0700 (Pacific Daylight Time):POST /displaycards
Wed Apr 17 2019 11:31:07 GMT-0700 (Pacific Daylight Time):POST /displaycards
Wed Apr 17 2019 11:31:07 GMT-0700 (Pacific Daylight Time):POST /displaycards
Wed Apr 17 2019 11:31:37 GMT-0700 (Pacific Daylight Time):POST /displaycards
Wed Apr 17 2019 11:31:39 GMT-0700 (Pacific Daylight Time):POST /displaycards
Wed Apr 17 2019 11:31:39 GMT-0700 (Pacific Daylight Time):POST /displaycards
Wed Apr 17 2019 11:31:39 GMT-0700 (Pacific Daylight Time):POST /displaycards
Wed Apr 17 2019 11:32:03 GMT-0700 (Pacific Daylight Time):POST /displaycards
Wed Apr 17 2019 11:32:05 GMT-0700 (Pacific Daylight Time):GET /
Wed Apr 17 2019 11:32:07 GMT-0700 (Pacific Daylight Time):GET /
Wed Apr 17 2019 11:32:07 GMT-0700 (Pacific Daylight Time):GET /
Wed Apr 17 2019 11:32:24 GMT-0700 (Pacific Daylight Time):GET /
Wed Apr 17 2019 11:32:26 GMT-0700 (Pacific Daylight Time):POST /displaycards
Wed Apr 17 2019 11:33:50 GMT-0700 (Pacific Daylight Time):GET /
Wed Apr 17 2019 11:35:39 GMT-0700 (Pacific Daylight Time):POST /displaycards
Wed Apr 17 2019 11:35:41 GMT-0700 (Pacific Daylight Time):POST /displaycards
Wed Apr 17 2019 11:35:49 GMT-0700 (Pacific Daylight Time):POST /displaycards
Wed Apr 17 2019 11:35:51 GMT-0700 (Pacific Daylight Time):POST /displaycards
Wed Apr 17 2019 11:36:17 GMT-0700 (Pacific Daylight Time):POST /displaycards
Wed Apr 17 2019 11:36:18 GMT-0700 (Pacific Daylight Time):GET /
Wed Apr 17 2019 11:36:20 GMT-0700 (Pacific Daylight Time):POST /displaycards
Wed Apr 17 2019 11:36:24 GMT-0700 (Pacific Daylight Time):POST /displaycards
Wed Apr 17 2019 11:36:24 GMT-0700 (Pacific Daylight Time):POST /displaycards
Wed Apr 17 2019 11:36:24 GMT-0700 (Pacific Daylight Time):POST /displaycards
Wed Apr 17 2019 11:36:25 GMT-0700 (Pacific Daylight Time):POST /displaycards
Wed Apr 17 2019 11:36:25 GMT-0700 (Pacific Daylight Time):POST /displaycards
Wed Apr 17 2019 11:36:41 GMT-0700 (Pacific Daylight Time):POST /displaycards
Wed Apr 17 2019 11:36:43 GMT-0700 (Pacific Daylight Time):POST /displaycards
Wed Apr 17 2019 11:36:46 GMT-0700 (Pacific Daylight Time):POST /displaycards
Wed Apr 17 2019 11:36:47 GMT-0700 (Pacific Daylight Time):GET /
Wed Apr 17 2019 11:36:49 GMT-0700 (Pacific Daylight Time):POST /displaycards
Wed Apr 17 2019 11:37:08 GMT-0700 (Pacific Daylight Time):POST /displaycards
Wed Apr 17 2019 11:37:08 GMT-0700 (Pacific Daylight Time):POST /displaycards
Wed Apr 17 2019 11:37:33 GMT-0700 (Pacific Daylight Time):POST /displaycards
Wed Apr 17 2019 11:37:36 GMT-0700 (Pacific Daylight Time):POST /displaycards
Wed Apr 17 2019 11:37:45 GMT-0700 (Pacific Daylight Time):POST /displaycards
Wed Apr 17 2019 11:38:14 GMT-0700 (Pacific Daylight Time):GET /
Wed Apr 17 2019 11:38:16 GMT-0700 (Pacific Daylight Time):POST /displaycards
Wed Apr 17 2019 11:40:02 GMT-0700 (Pacific Daylight Time):POST /displaycards
Wed Apr 17 2019 11:40:04 GMT-0700 (Pacific Daylight Time):POST /displaycards
Wed Apr 17 2019 11:40:06 GMT-0700 (Pacific Daylight Time):POST /displaycards
Wed Apr 17 2019 11:40:07 GMT-0700 (Pacific Daylight Time):POST /displaycards
Wed Apr 17 2019 11:40:49 GMT-0700 (Pacific Daylight Time):GET /
Wed Apr 17 2019 11:40:54 GMT-0700 (Pacific Daylight Time):GET /
Wed Apr 17 2019 11:41:48 GMT-0700 (Pacific Daylight Time):GET /
Wed Apr 17 2019 11:41:50 GMT-0700 (Pacific Daylight Time):POST /displaycards
Wed Apr 17 2019 11:47:37 GMT-0700 (Pacific Daylight Time):GET /
Wed Apr 17 2019 11:47:41 GMT-0700 (Pacific Daylight Time):GET /nasa
Wed Apr 17 2019 11:50:23 GMT-0700 (Pacific Daylight Time):GET /
Wed Apr 17 2019 11:50:25 GMT-0700 (Pacific Daylight Time):POST /displaycards
Wed Apr 17 2019 11:51:22 GMT-0700 (Pacific Daylight Time):POST /displaycards
Wed Apr 17 2019 11:51:25 GMT-0700 (Pacific Daylight Time):POST /displaycards
Wed Apr 17 2019 11:51:26 GMT-0700 (Pacific Daylight Time):POST /displaycards
Wed Apr 17 2019 11:51:28 GMT-0700 (Pacific Daylight Time):POST /displaycards
Wed Apr 17 2019 11:51:30 GMT-0700 (Pacific Daylight Time):POST /displaycards
Wed Apr 17 2019 11:51:35 GMT-0700 (Pacific Daylight Time):POST /displaycards
Wed Apr 17 2019 11:52:40 GMT-0700 (Pacific Daylight Time):GET /nasa
Wed Apr 17 2019 11:52:51 GMT-0700 (Pacific Daylight Time):GET /nasa
Wed Apr 17 2019 11:52:52 GMT-0700 (Pacific Daylight Time):GET /nasa
Wed Apr 17 2019 11:57:17 GMT-0700 (Pacific Daylight Time):GET /
Wed Apr 17 2019 12:04:53 GMT-0700 (Pacific Daylight Time):GET /
Wed Apr 17 2019 12:04:57 GMT-0700 (Pacific Daylight Time):GET /nasa
Wed Apr 17 2019 12:05:03 GMT-0700 (Pacific Daylight Time):POST /displaynasa
Wed Apr 17 2019 12:05:16 GMT-0700 (Pacific Daylight Time):POST /displaynasa
Wed Apr 17 2019 12:05:17 GMT-0700 (Pacific Daylight Time):GET /nasa
Wed Apr 17 2019 12:05:20 GMT-0700 (Pacific Daylight Time):POST /displaynasa
Wed Apr 17 2019 12:05:45 GMT-0700 (Pacific Daylight Time):POST /displaynasa
Wed Apr 17 2019 12:05:48 GMT-0700 (Pacific Daylight Time):GET /nasa
Wed Apr 17 2019 12:05:50 GMT-0700 (Pacific Daylight Time):POST /displaynasa
Wed Apr 17 2019 12:05:58 GMT-0700 (Pacific Daylight Time):POST /displaynasa
Wed Apr 17 2019 12:07:53 GMT-0700 (Pacific Daylight Time):POST /displaynasa
Wed Apr 17 2019 12:07:57 GMT-0700 (Pacific Daylight Time):GET /nasa
Wed Apr 17 2019 12:08:01 GMT-0700 (Pacific Daylight Time):POST /displaynasa
Wed Apr 17 2019 12:08:33 GMT-0700 (Pacific Daylight Time):POST /displaynasa
Wed Apr 17 2019 12:09:00 GMT-0700 (Pacific Daylight Time):POST /displaynasa
Wed Apr 17 2019 12:09:11 GMT-0700 (Pacific Daylight Time):POST /displaynasa
Wed Apr 17 2019 12:11:03 GMT-0700 (Pacific Daylight Time):POST /displaynasa
Wed Apr 17 2019 12:11:20 GMT-0700 (Pacific Daylight Time):GET /
Wed Apr 17 2019 12:12:02 GMT-0700 (Pacific Daylight Time):GET /
Wed Apr 17 2019 12:12:03 GMT-0700 (Pacific Daylight Time):GET /
Wed Apr 17 2019 12:12:36 GMT-0700 (Pacific Daylight Time):GET /
Wed Apr 17 2019 12:12:37 GMT-0700 (Pacific Daylight Time):GET /
Wed Apr 17 2019 12:13:06 GMT-0700 (Pacific Daylight Time):GET /
Wed Apr 17 2019 12:13:07 GMT-0700 (Pacific Daylight Time):GET /
Wed Apr 17 2019 12:13:12 GMT-0700 (Pacific Daylight Time):GET /
Wed Apr 17 2019 12:13:15 GMT-0700 (Pacific Daylight Time):POST /displaycards
Wed Apr 17 2019 12:13:36 GMT-0700 (Pacific Daylight Time):POST /displaycards
Wed Apr 17 2019 12:13:43 GMT-0700 (Pacific Daylight Time):POST /displaycards
Wed Apr 17 2019 12:14:01 GMT-0700 (Pacific Daylight Time):POST /displaycards
Wed Apr 17 2019 12:14:03 GMT-0700 (Pacific Daylight Time):POST /displaycards
Wed Apr 17 2019 12:14:05 GMT-0700 (Pacific Daylight Time):POST /displaycards
Wed Apr 17 2019 12:14:07 GMT-0700 (Pacific Daylight Time):POST /displaycards
Wed Apr 17 2019 12:14:25 GMT-0700 (Pacific Daylight Time):GET /
Wed Apr 17 2019 12:15:13 GMT-0700 (Pacific Daylight Time):GET /nasa
Wed Apr 17 2019 12:15:18 GMT-0700 (Pacific Daylight Time):POST /displaynasa
Wed Apr 17 2019 12:16:39 GMT-0700 (Pacific Daylight Time):POST /displaynasa
Wed Apr 17 2019 12:18:01 GMT-0700 (Pacific Daylight Time):GET /nasa
Wed Apr 17 2019 12:19:07 GMT-0700 (Pacific Daylight Time):GET /nasa
Wed Apr 17 2019 12:19:09 GMT-0700 (Pacific Daylight Time):GET /nasa
Wed Apr 17 2019 12:19:33 GMT-0700 (Pacific Daylight Time):GET /nasa
Wed Apr 17 2019 12:20:47 GMT-0700 (Pacific Daylight Time):GET /nasa
Wed Apr 17 2019 12:20:57 GMT-0700 (Pacific Daylight Time):GET /nasa
Wed Apr 17 2019 12:21:12 GMT-0700 (Pacific Daylight Time):GET /nasa
Wed Apr 17 2019 12:21:42 GMT-0700 (Pacific Daylight Time):GET /nasa
Wed Apr 17 2019 12:22:21 GMT-0700 (Pacific Daylight Time):GET /nasa
Wed Apr 17 2019 12:22:55 GMT-0700 (Pacific Daylight Time):GET /nasa
Wed Apr 17 2019 12:23:00 GMT-0700 (Pacific Daylight Time):POST /displaynasa
Wed Apr 17 2019 12:23:28 GMT-0700 (Pacific Daylight Time):POST /displaynasa
Wed Apr 17 2019 12:23:34 GMT-0700 (Pacific Daylight Time):GET /nasa
Wed Apr 17 2019 12:23:44 GMT-0700 (Pacific Daylight Time):GET /nasa
Wed Apr 17 2019 12:23:47 GMT-0700 (Pacific Daylight Time):POST /displaynasa
Wed Apr 17 2019 12:23:56 GMT-0700 (Pacific Daylight Time):GET /
Wed Apr 17 2019 12:25:53 GMT-0700 (Pacific Daylight Time):GET /
Wed Apr 17 2019 12:25:58 GMT-0700 (Pacific Daylight Time):POST /displaycards
Wed Apr 17 2019 12:26:07 GMT-0700 (Pacific Daylight Time):GET /nasa
Wed Apr 17 2019 12:26:51 GMT-0700 (Pacific Daylight Time):GET /nasa
Wed Apr 17 2019 12:26:54 GMT-0700 (Pacific Daylight Time):POST /displaynasa
Wed Apr 17 2019 12:27:35 GMT-0700 (Pacific Daylight Time):POST /displaynasa
Wed Apr 17 2019 12:27:35 GMT-0700 (Pacific Daylight Time):GET /https%3A%2F%2Fimages-assets.nasa.gov%2Fvideo%2FNeil%20Armstrong%20On%20The%20Space%20Race%2FNeil%20Armstrong%20On%20The%20Space%20Race~thumb.jpg
Wed Apr 17 2019 12:27:35 GMT-0700 (Pacific Daylight Time):GET /https%3A%2F%2Fimages-assets.nasa.gov%2Fvideo%2FManiac_Sep2015_720p%2FManiac_Sep2015_720p~thumb.jpg
Wed Apr 17 2019 12:27:35 GMT-0700 (Pacific Daylight Time):GET /https%3A%2F%2Fimages-assets.nasa.gov%2Fvideo%2FNeil%20Armstrong_%20The%20Real%20Right%20Stuff_%201955%20-%201962%2FNeil%20Armstrong_%20The%20Real%20Right%20Stuff_%201955%20-%201962~thumb.jpg
Wed Apr 17 2019 12:27:35 GMT-0700 (Pacific Daylight Time):GET /https%3A%2F%2Fimages-assets.nasa.gov%2Fvideo%2FAFRC-NDTV001604_Wings_of_Man_Neil_Armstrong_24fps%2FAFRC-NDTV001604_Wings_of_Man_Neil_Armstrong_24fps~thumb.jpg
Wed Apr 17 2019 12:29:28 GMT-0700 (Pacific Daylight Time):POST /displaynasa
Wed Apr 17 2019 12:29:29 GMT-0700 (Pacific Daylight Time):GET /https%3A%2F%2Fimages-assets.nasa.gov%2Fvideo%2FNeil%20Armstrong%20On%20The%20Space%20Race%2FNeil%20Armstrong%20On%20The%20Space%20Race~thumb.jpg
Wed Apr 17 2019 12:29:29 GMT-0700 (Pacific Daylight Time):GET /https%3A%2F%2Fimages-assets.nasa.gov%2Fvideo%2FManiac_Sep2015_720p%2FManiac_Sep2015_720p~thumb.jpg
Wed Apr 17 2019 12:29:29 GMT-0700 (Pacific Daylight Time):GET /https%3A%2F%2Fimages-assets.nasa.gov%2Fvideo%2FNeil%20Armstrong_%20The%20Real%20Right%20Stuff_%201955%20-%201962%2FNeil%20Armstrong_%20The%20Real%20Right%20Stuff_%201955%20-%201962~thumb.jpg
Wed Apr 17 2019 12:29:29 GMT-0700 (Pacific Daylight Time):GET /https%3A%2F%2Fimages-assets.nasa.gov%2Fvideo%2FAFRC-NDTV001604_Wings_of_Man_Neil_Armstrong_24fps%2FAFRC-NDTV001604_Wings_of_Man_Neil_Armstrong_24fps~thumb.jpg
Wed Apr 17 2019 12:29:40 GMT-0700 (Pacific Daylight Time):GET /nasa
Wed Apr 17 2019 12:29:45 GMT-0700 (Pacific Daylight Time):POST /displaynasa
Wed Apr 17 2019 12:29:46 GMT-0700 (Pacific Daylight Time):GET /NaN%3Cimg
Wed Apr 17 2019 12:31:05 GMT-0700 (Pacific Daylight Time):GET /
Wed Apr 17 2019 12:31:08 GMT-0700 (Pacific Daylight Time):GET /nasa
Wed Apr 17 2019 12:31:11 GMT-0700 (Pacific Daylight Time):POST /displaynasa
Wed Apr 17 2019 12:31:12 GMT-0700 (Pacific Daylight Time):GET /NaN%3Cimg
Wed Apr 17 2019 12:31:27 GMT-0700 (Pacific Daylight Time):POST /displaynasa
Wed Apr 17 2019 12:31:28 GMT-0700 (Pacific Daylight Time):GET /NaN%3Cimg
Wed Apr 17 2019 12:32:48 GMT-0700 (Pacific Daylight Time):POST /displaynasa
Wed Apr 17 2019 12:32:49 GMT-0700 (Pacific Daylight Time):GET /NaN%3Cimg
Wed Apr 17 2019 12:33:30 GMT-0700 (Pacific Daylight Time):POST /displaynasa
Wed Apr 17 2019 12:33:31 GMT-0700 (Pacific Daylight Time):GET /NaN%3Cimg
Wed Apr 17 2019 12:33:39 GMT-0700 (Pacific Daylight Time):GET /nasa
Wed Apr 17 2019 12:33:44 GMT-0700 (Pacific Daylight Time):POST /displaynasa
Wed Apr 17 2019 12:33:45 GMT-0700 (Pacific Daylight Time):GET /NaN%3Cimg
Wed Apr 17 2019 12:35:51 GMT-0700 (Pacific Daylight Time):POST /displaynasa
Wed Apr 17 2019 12:35:52 GMT-0700 (Pacific Daylight Time):GET /NaN%3Cimg
Wed Apr 17 2019 12:36:04 GMT-0700 (Pacific Daylight Time):POST /displaynasa
Wed Apr 17 2019 12:36:05 GMT-0700 (Pacific Daylight Time):GET /NaN%3Cimg
Wed Apr 17 2019 12:36:11 GMT-0700 (Pacific Daylight Time):GET /nasa
Wed Apr 17 2019 12:36:15 GMT-0700 (Pacific Daylight Time):POST /displaynasa
Wed Apr 17 2019 12:36:15 GMT-0700 (Pacific Daylight Time):GET /NaN%3Cimg
Wed Apr 17 2019 12:36:36 GMT-0700 (Pacific Daylight Time):GET /
Wed Apr 17 2019 12:36:38 GMT-0700 (Pacific Daylight Time):GET /nasa
Wed Apr 17 2019 12:36:41 GMT-0700 (Pacific Daylight Time):POST /displaynasa
Wed Apr 17 2019 12:36:47 GMT-0700 (Pacific Daylight Time):POST /displaynasa
Wed Apr 17 2019 12:36:53 GMT-0700 (Pacific Daylight Time):POST /displaynasa
Wed Apr 17 2019 12:37:07 GMT-0700 (Pacific Daylight Time):POST /displaycards
Wed Apr 17 2019 12:37:09 GMT-0700 (Pacific Daylight Time):POST /displaycards
Wed Apr 17 2019 12:48:15 GMT-0700 (Pacific Daylight Time):GET /
Wed Apr 17 2019 12:48:20 GMT-0700 (Pacific Daylight Time):GET /nasa
Wed Apr 17 2019 12:48:23 GMT-0700 (Pacific Daylight Time):POST /displaynasa
Wed Apr 17 2019 12:48:43 GMT-0700 (Pacific Daylight Time):POST /displaynasa
Wed Apr 17 2019 12:48:44 GMT-0700 (Pacific Daylight Time):POST /displaynasa
Wed Apr 17 2019 12:48:44 GMT-0700 (Pacific Daylight Time):POST /displaynasa
Wed Apr 17 2019 12:48:44 GMT-0700 (Pacific Daylight Time):POST /displaynasa
Wed Apr 17 2019 12:48:45 GMT-0700 (Pacific Daylight Time):POST /displaynasa
Wed Apr 17 2019 12:48:45 GMT-0700 (Pacific Daylight Time):GET /nasa
Wed Apr 17 2019 12:49:38 GMT-0700 (Pacific Daylight Time):GET /nasa
Wed Apr 17 2019 12:49:41 GMT-0700 (Pacific Daylight Time):POST /displaynasa
Wed Apr 17 2019 12:50:35 GMT-0700 (Pacific Daylight Time):POST /displaynasa
Wed Apr 17 2019 12:50:38 GMT-0700 (Pacific Daylight Time):POST /displaynasa
Wed Apr 17 2019 12:50:42 GMT-0700 (Pacific Daylight Time):POST /displaynasa
